[35m[1mConsolidate compiler generated dependencies of target publisher[0m
[35m[1mConsolidate compiler generated dependencies of target subscriber[0m
[ 16%] [32m[1mLinking CXX executable my_cpp_node[0m
[ 33%] [32mBuilding CXX object CMakeFiles/publisher.dir/src/publisher.cpp.o[0m
[ 50%] [32mBuilding CXX object CMakeFiles/subscriber.dir/src/subscriber.cpp.o[0m
/usr/bin/ld: /usr/lib/gcc/x86_64-linux-gnu/11/../../../x86_64-linux-gnu/Scrt1.o: in function `_start':
(.text+0x1b): undefined reference to `main'
collect2: error: ld returned 1 exit status
gmake[2]: *** [CMakeFiles/my_cpp_node.dir/build.make:151: my_cpp_node] 오류 1
gmake[1]: *** [CMakeFiles/Makefile2:141: CMakeFiles/my_cpp_node.dir/all] 오류 2
gmake[1]: *** 끝나지 않은 작업을 기다리고 있습니다....
[01m[K/home/kmj/Desktop/hw2/src/my_first_ros_rclcpp_pkg/src/subscriber.cpp:10:27:[m[K [01;31m[Kerror: [m[K‘[01m[Kstd_msgs[m[K’ does not name a type
   10 | void topic_callback(const [01;31m[Kstd_msgs[m[K::msg::String::SharedPtr msg){
      |                           [01;31m[K^~~~~~~~[m[K
[01m[K/home/kmj/Desktop/hw2/src/my_first_ros_rclcpp_pkg/src/subscriber.cpp:10:40:[m[K [01;31m[Kerror: [m[Kexpected unqualified-id before ‘[01m[K::[m[K’ token
   10 | void topic_callback(const std_msgs::msg[01;31m[K::[m[KString::SharedPtr msg){
      |                                        [01;31m[K^~[m[K
[01m[K/home/kmj/Desktop/hw2/src/my_first_ros_rclcpp_pkg/src/subscriber.cpp:10:40:[m[K [01;31m[Kerror: [m[Kexpected ‘[01m[K)[m[K’ before ‘[01m[K::[m[K’ token
   10 | void topic_callback[34m[K([m[Kconst std_msgs::msg[01;31m[K:[m[K[32m[K:[m[KString::SharedPtr msg){
      |                    [34m[K~[m[K                   [01;31m[K^[m[K[32m[K~[m[K
      |                                        [32m[K)[m[K
[01m[K/home/kmj/Desktop/hw2/src/my_first_ros_rclcpp_pkg/src/subscriber.cpp:10:40:[m[K [01;31m[Kerror: [m[Kexpected initializer before ‘[01m[K::[m[K’ token
   10 | void topic_callback(const std_msgs::msg[01;31m[K::[m[KString::SharedPtr msg){
      |                                        [01;31m[K^~[m[K
[01m[K/home/kmj/Desktop/hw2/src/my_first_ros_rclcpp_pkg/src/publisher.cpp:10:6:[m[K [01;31m[Kerror: [m[Kno declaration matches ‘[01m[Kvoid MyCppNode::timer_callback()[m[K’
   10 | void [01;31m[KMyCppNode[m[K::timer_callback(){
      |      [01;31m[K^~~~~~~~~[m[K
[01m[K/home/kmj/Desktop/hw2/src/my_first_ros_rclcpp_pkg/src/publisher.cpp:10:6:[m[K [01;36m[Knote: [m[Kno functions named ‘[01m[Kvoid MyCppNode::timer_callback()[m[K’
[01m[K/home/kmj/Desktop/hw2/src/my_first_ros_rclcpp_pkg/src/publisher.cpp:3:7:[m[K [01;36m[Knote: [m[K‘[01m[Kclass MyCppNode[m[K’ defined here
    3 | class [01;36m[KMyCppNode[m[K : public rclcpp::Node{
      |       [01;36m[K^~~~~~~~~[m[K
gmake[2]: *** [CMakeFiles/subscriber.dir/build.make:76: CMakeFiles/subscriber.dir/src/subscriber.cpp.o] 오류 1
gmake[1]: *** [CMakeFiles/Makefile2:193: CMakeFiles/subscriber.dir/all] 오류 2
gmake[2]: *** [CMakeFiles/publisher.dir/build.make:76: CMakeFiles/publisher.dir/src/publisher.cpp.o] 오류 1
gmake[1]: *** [CMakeFiles/Makefile2:167: CMakeFiles/publisher.dir/all] 오류 2
gmake: *** [Makefile:146: all] 오류 2
