[35m[1mConsolidate compiler generated dependencies of target publisher[0m
[35m[1mConsolidate compiler generated dependencies of target subscriber[0m
[ 16%] [32m[1mLinking CXX executable my_cpp_node[0m
[ 33%] [32mBuilding CXX object CMakeFiles/publisher.dir/src/publisher.cpp.o[0m
[ 50%] [32mBuilding CXX object CMakeFiles/subscriber.dir/src/subscriber.cpp.o[0m
/usr/bin/ld: /usr/lib/gcc/x86_64-linux-gnu/11/../../../x86_64-linux-gnu/Scrt1.o: in function `_start':
(.text+0x1b): undefined reference to `main'
collect2: error: ld returned 1 exit status
gmake[2]: *** [CMakeFiles/my_cpp_node.dir/build.make:151: my_cpp_node] ì˜¤ë¥˜ 1
gmake[1]: *** [CMakeFiles/Makefile2:141: CMakeFiles/my_cpp_node.dir/all] ì˜¤ë¥˜ 2
gmake[1]: *** ëë‚˜ì§€ ì•Šì€ ì‘ì—…ì„ ê¸°ë‹¤ë¦¬ê³  ìˆìŠµë‹ˆë‹¤....
[01m[K/home/kmj/Desktop/hw2/src/my_first_ros_rclcpp_pkg/src/subscriber.cpp:10:27:[m[K [01;31m[Kerror: [m[Kâ€˜[01m[Kstd_msgs[m[Kâ€™ does not name a type
   10 | void topic_callback(const [01;31m[Kstd_msgs[m[K::msg::String::SharedPtr msg){
      |                           [01;31m[K^~~~~~~~[m[K
[01m[K/home/kmj/Desktop/hw2/src/my_first_ros_rclcpp_pkg/src/subscriber.cpp:10:40:[m[K [01;31m[Kerror: [m[Kexpected unqualified-id before â€˜[01m[K::[m[Kâ€™ token
   10 | void topic_callback(const std_msgs::msg[01;31m[K::[m[KString::SharedPtr msg){
      |                                        [01;31m[K^~[m[K
[01m[K/home/kmj/Desktop/hw2/src/my_first_ros_rclcpp_pkg/src/subscriber.cpp:10:40:[m[K [01;31m[Kerror: [m[Kexpected â€˜[01m[K)[m[Kâ€™ before â€˜[01m[K::[m[Kâ€™ token
   10 | void topic_callback[34m[K([m[Kconst std_msgs::msg[01;31m[K:[m[K[32m[K:[m[KString::SharedPtr msg){
      |                    [34m[K~[m[K                   [01;31m[K^[m[K[32m[K~[m[K
      |                                        [32m[K)[m[K
[01m[K/home/kmj/Desktop/hw2/src/my_first_ros_rclcpp_pkg/src/subscriber.cpp:10:40:[m[K [01;31m[Kerror: [m[Kexpected initializer before â€˜[01m[K::[m[Kâ€™ token
   10 | void topic_callback(const std_msgs::msg[01;31m[K::[m[KString::SharedPtr msg){
      |                                        [01;31m[K^~[m[K
[01m[K/home/kmj/Desktop/hw2/src/my_first_ros_rclcpp_pkg/src/publisher.cpp:10:6:[m[K [01;31m[Kerror: [m[Kno declaration matches â€˜[01m[Kvoid MyCppNode::timer_callback()[m[Kâ€™
   10 | void [01;31m[KMyCppNode[m[K::timer_callback(){
      |      [01;31m[K^~~~~~~~~[m[K
[01m[K/home/kmj/Desktop/hw2/src/my_first_ros_rclcpp_pkg/src/publisher.cpp:10:6:[m[K [01;36m[Knote: [m[Kno functions named â€˜[01m[Kvoid MyCppNode::timer_callback()[m[Kâ€™
[01m[K/home/kmj/Desktop/hw2/src/my_first_ros_rclcpp_pkg/src/publisher.cpp:3:7:[m[K [01;36m[Knote: [m[Kâ€˜[01m[Kclass MyCppNode[m[Kâ€™ defined here
    3 | class [01;36m[KMyCppNode[m[K : public rclcpp::Node{
      |       [01;36m[K^~~~~~~~~[m[K
gmake[2]: *** [CMakeFiles/subscriber.dir/build.make:76: CMakeFiles/subscriber.dir/src/subscriber.cpp.o] ì˜¤ë¥˜ 1
gmake[1]: *** [CMakeFiles/Makefile2:193: CMakeFiles/subscriber.dir/all] ì˜¤ë¥˜ 2
gmake[2]: *** [CMakeFiles/publisher.dir/build.make:76: CMakeFiles/publisher.dir/src/publisher.cpp.o] ì˜¤ë¥˜ 1
gmake[1]: *** [CMakeFiles/Makefile2:167: CMakeFiles/publisher.dir/all] ì˜¤ë¥˜ 2
gmake: *** [Makefile:146: all] ì˜¤ë¥˜ 2
