[0.012s] Invoking command in '/home/kmj/Desktop/hw2/build/my_first_ros_rclcpp_pkg': CMAKE_PREFIX_PATH=${CMAKE_PREFIX_PATH}:/home/kmj/Desktop/hw2/install/my_first_ros_rclpy_pkg:/opt/ros/humble /usr/bin/cmake --build /home/kmj/Desktop/hw2/build/my_first_ros_rclcpp_pkg -- -j16 -l16
[0.075s] [35m[1mConsolidate compiler generated dependencies of target publisher[0m
[0.075s] [35m[1mConsolidate compiler generated dependencies of target subscriber[0m
[0.085s] [ 16%] [32m[1mLinking CXX executable my_cpp_node[0m
[0.101s] [ 33%] [32mBuilding CXX object CMakeFiles/subscriber.dir/src/subscriber.cpp.o[0m
[0.101s] [ 50%] [32mBuilding CXX object CMakeFiles/publisher.dir/src/publisher.cpp.o[0m
[0.149s] /usr/bin/ld: /usr/lib/gcc/x86_64-linux-gnu/11/../../../x86_64-linux-gnu/Scrt1.o: in function `_start':
[0.149s] (.text+0x1b): undefined reference to `main'
[0.151s] collect2: error: ld returned 1 exit status
[0.153s] gmake[2]: *** [CMakeFiles/my_cpp_node.dir/build.make:151: my_cpp_node] Ïò§Î•ò 1
[0.154s] gmake[1]: *** [CMakeFiles/Makefile2:141: CMakeFiles/my_cpp_node.dir/all] Ïò§Î•ò 2
[0.154s] gmake[1]: *** ÎÅùÎÇòÏßÄ ÏïäÏùÄ ÏûëÏóÖÏùÑ Í∏∞Îã§Î¶¨Í≥† ÏûàÏäµÎãàÎã§....
[2.515s] [01m[K/home/kmj/Desktop/hw2/src/my_first_ros_rclcpp_pkg/src/subscriber.cpp:10:27:[m[K [01;31m[Kerror: [m[K‚Äò[01m[Kstd_msgs[m[K‚Äô does not name a type
[2.516s]    10 | void topic_callback(const [01;31m[Kstd_msgs[m[K::msg::String::SharedPtr msg){
[2.516s]       |                           [01;31m[K^~~~~~~~[m[K
[2.516s] [01m[K/home/kmj/Desktop/hw2/src/my_first_ros_rclcpp_pkg/src/subscriber.cpp:10:40:[m[K [01;31m[Kerror: [m[Kexpected unqualified-id before ‚Äò[01m[K::[m[K‚Äô token
[2.516s]    10 | void topic_callback(const std_msgs::msg[01;31m[K::[m[KString::SharedPtr msg){
[2.516s]       |                                        [01;31m[K^~[m[K
[2.516s] [01m[K/home/kmj/Desktop/hw2/src/my_first_ros_rclcpp_pkg/src/subscriber.cpp:10:40:[m[K [01;31m[Kerror: [m[Kexpected ‚Äò[01m[K)[m[K‚Äô before ‚Äò[01m[K::[m[K‚Äô token
[2.516s]    10 | void topic_callback[34m[K([m[Kconst std_msgs::msg[01;31m[K:[m[K[32m[K:[m[KString::SharedPtr msg){
[2.516s]       |                    [34m[K~[m[K                   [01;31m[K^[m[K[32m[K~[m[K
[2.516s]       |                                        [32m[K)[m[K
[2.516s] [01m[K/home/kmj/Desktop/hw2/src/my_first_ros_rclcpp_pkg/src/subscriber.cpp:10:40:[m[K [01;31m[Kerror: [m[Kexpected initializer before ‚Äò[01m[K::[m[K‚Äô token
[2.516s]    10 | void topic_callback(const std_msgs::msg[01;31m[K::[m[KString::SharedPtr msg){
[2.517s]       |                                        [01;31m[K^~[m[K
[2.557s] [01m[K/home/kmj/Desktop/hw2/src/my_first_ros_rclcpp_pkg/src/publisher.cpp:10:6:[m[K [01;31m[Kerror: [m[Kno declaration matches ‚Äò[01m[Kvoid MyCppNode::timer_callback()[m[K‚Äô
[2.557s]    10 | void [01;31m[KMyCppNode[m[K::timer_callback(){
[2.558s]       |      [01;31m[K^~~~~~~~~[m[K
[2.558s] [01m[K/home/kmj/Desktop/hw2/src/my_first_ros_rclcpp_pkg/src/publisher.cpp:10:6:[m[K [01;36m[Knote: [m[Kno functions named ‚Äò[01m[Kvoid MyCppNode::timer_callback()[m[K‚Äô
[2.558s] [01m[K/home/kmj/Desktop/hw2/src/my_first_ros_rclcpp_pkg/src/publisher.cpp:3:7:[m[K [01;36m[Knote: [m[K‚Äò[01m[Kclass MyCppNode[m[K‚Äô defined here
[2.558s]     3 | class [01;36m[KMyCppNode[m[K : public rclcpp::Node{
[2.558s]       |       [01;36m[K^~~~~~~~~[m[K
[2.861s] gmake[2]: *** [CMakeFiles/subscriber.dir/build.make:76: CMakeFiles/subscriber.dir/src/subscriber.cpp.o] Ïò§Î•ò 1
[2.861s] gmake[1]: *** [CMakeFiles/Makefile2:193: CMakeFiles/subscriber.dir/all] Ïò§Î•ò 2
[2.896s] gmake[2]: *** [CMakeFiles/publisher.dir/build.make:76: CMakeFiles/publisher.dir/src/publisher.cpp.o] Ïò§Î•ò 1
[2.897s] gmake[1]: *** [CMakeFiles/Makefile2:167: CMakeFiles/publisher.dir/all] Ïò§Î•ò 2
[2.897s] gmake: *** [Makefile:146: all] Ïò§Î•ò 2
[2.900s] Invoked command in '/home/kmj/Desktop/hw2/build/my_first_ros_rclcpp_pkg' returned '2': CMAKE_PREFIX_PATH=${CMAKE_PREFIX_PATH}:/home/kmj/Desktop/hw2/install/my_first_ros_rclpy_pkg:/opt/ros/humble /usr/bin/cmake --build /home/kmj/Desktop/hw2/build/my_first_ros_rclcpp_pkg -- -j16 -l16
