[0.010s] Invoking command in '/home/kmj/Desktop/hw2/build/my_first_ros_rclcpp_pkg': /usr/bin/cmake /home/kmj/Desktop/hw2/src/my_first_ros_rclcpp_pkg -DCMAKE_INSTALL_PREFIX=/home/kmj/Desktop/hw2/install/my_first_ros_rclcpp_pkg
[0.025s] -- Found ament_cmake: 1.3.12 (/opt/ros/humble/share/ament_cmake/cmake)
[0.112s] -- Found rclcpp: 16.0.14 (/opt/ros/humble/share/rclcpp/cmake)
[0.134s] -- Found rosidl_generator_c: 3.1.7 (/opt/ros/humble/share/rosidl_generator_c/cmake)
[0.135s] -- Found rosidl_adapter: 3.1.7 (/opt/ros/humble/share/rosidl_adapter/cmake)
[0.139s] -- Found rosidl_generator_cpp: 3.1.7 (/opt/ros/humble/share/rosidl_generator_cpp/cmake)
[0.144s] -- Using all available rosidl_typesupport_c: rosidl_typesupport_fastrtps_c;rosidl_typesupport_introspection_c
[0.151s] -- Using all available rosidl_typesupport_cpp: rosidl_typesupport_fastrtps_cpp;rosidl_typesupport_introspection_cpp
[0.172s] -- Found rmw_implementation_cmake: 6.1.2 (/opt/ros/humble/share/rmw_implementation_cmake/cmake)
[0.173s] -- Found rmw_fastrtps_cpp: 6.2.8 (/opt/ros/humble/share/rmw_fastrtps_cpp/cmake)
[0.255s] -- Using RMW implementation 'rmw_fastrtps_cpp' as default
[0.285s] -- Found ament_lint_auto: 0.12.14 (/opt/ros/humble/share/ament_lint_auto/cmake)
[0.325s] Error parsing '/home/kmj/Desktop/hw2/src/my_first_ros_rclcpp_pkg/package.xml':
[0.359s] Traceback (most recent call last):
[0.359s]   File "/usr/lib/python3/dist-packages/catkin_pkg/package.py", line 610, in parse_package_string
[0.359s]     root = dom.parseString(data)
[0.359s]   File "/usr/lib/python3.10/xml/dom/minidom.py", line 2000, in parseString
[0.359s]     return expatbuilder.parseString(string)
[0.360s]   File "/usr/lib/python3.10/xml/dom/expatbuilder.py", line 925, in parseString
[0.360s]     return builder.parseString(string)
[0.360s]   File "/usr/lib/python3.10/xml/dom/expatbuilder.py", line 223, in parseString
[0.360s]     parser.Parse(string, True)
[0.360s] xml.parsers.expat.ExpatError: junk after document element: line 23, column 0
[0.360s] 
[0.360s] During handling of the above exception, another exception occurred:
[0.360s] 
[0.360s] Traceback (most recent call last):
[0.360s]   File "/opt/ros/humble/share/ament_cmake_core/cmake/core/package_xml_2_cmake.py", line 150, in <module>
[0.360s]     main()
[0.360s]   File "/opt/ros/humble/share/ament_cmake_core/cmake/core/package_xml_2_cmake.py", line 53, in main
[0.360s]     raise e
[0.360s]   File "/opt/ros/humble/share/ament_cmake_core/cmake/core/package_xml_2_cmake.py", line 49, in main
[0.360s]     package = parse_package_string(
[0.360s]   File "/usr/lib/python3/dist-packages/catkin_pkg/package.py", line 612, in parse_package_string
[0.360s]     raise InvalidPackage('The manifest contains invalid XML:\n%s' % ex, filename)
[0.360s] catkin_pkg.package.InvalidPackage: Error(s) in package '/home/kmj/Desktop/hw2/src/my_first_ros_rclcpp_pkg/package.xml':
[0.360s] The manifest contains invalid XML:
[0.360s] junk after document element: line 23, column 0
[0.376s] [31mCMake Error at /opt/ros/humble/share/ament_cmake_core/cmake/core/ament_package_xml.cmake:95 (message):
[0.377s]   execute_process(/usr/bin/python3
[0.377s]   /opt/ros/humble/share/ament_cmake_core/cmake/core/package_xml_2_cmake.py
[0.377s]   /home/kmj/Desktop/hw2/src/my_first_ros_rclcpp_pkg/package.xml
[0.377s]   /home/kmj/Desktop/hw2/build/my_first_ros_rclcpp_pkg/ament_cmake_core/package.cmake)
[0.377s]   returned error code 1
[0.377s] Call Stack (most recent call first):
[0.377s]   /opt/ros/humble/share/ament_cmake_core/cmake/core/ament_package_xml.cmake:49 (_ament_package_xml)
[0.377s]   /opt/ros/humble/share/ament_lint_auto/cmake/ament_lint_auto_find_test_dependencies.cmake:31 (ament_package_xml)
[0.377s]   CMakeLists.txt:27 (ament_lint_auto_find_test_dependencies)
[0.377s] 
[0.377s] [0m
[0.377s] -- Configuring incomplete, errors occurred!
[0.377s] See also "/home/kmj/Desktop/hw2/build/my_first_ros_rclcpp_pkg/CMakeFiles/CMakeOutput.log".
[0.388s] Invoked command in '/home/kmj/Desktop/hw2/build/my_first_ros_rclcpp_pkg' returned '1': /usr/bin/cmake /home/kmj/Desktop/hw2/src/my_first_ros_rclcpp_pkg -DCMAKE_INSTALL_PREFIX=/home/kmj/Desktop/hw2/install/my_first_ros_rclcpp_pkg
