[0.011s] Invoking command in '/home/kmj/Desktop/hw2/build/my_first_ros_rclcpp_pkg': CMAKE_PREFIX_PATH=${CMAKE_PREFIX_PATH}:/home/kmj/Desktop/hw2/install/my_first_ros_rclpy_pkg:/opt/ros/humble /usr/bin/cmake --build /home/kmj/Desktop/hw2/build/my_first_ros_rclcpp_pkg -- -j16 -l16
[0.056s] [35m[1mConsolidate compiler generated dependencies of target subscriber[0m
[0.068s] [ 50%] Built target publisher
[0.074s] [ 75%] [32mBuilding CXX object CMakeFiles/subscriber.dir/src/subscriber.cpp.o[0m
[2.372s] [01m[K/home/kmj/Desktop/hw2/src/my_first_ros_rclcpp_pkg/src/subscriber.cpp:[m[K In constructor â€˜[01m[KMySubscriberNode::MySubscriberNode()[m[Kâ€™:
[2.372s] [01m[K/home/kmj/Desktop/hw2/src/my_first_ros_rclcpp_pkg/src/subscriber.cpp:38:70:[m[K [01;31m[Kerror: [m[Kâ€˜[01m[Kint32[m[Kâ€™ is not a member of â€˜[01m[Kstd_msgs::msg[m[Kâ€™; did you mean â€˜[01m[KInt32[m[Kâ€™?
[2.372s]    38 |         int_subscription_ = this->create_subscription<std_msgs::msg::[01;31m[Kint32[m[K>(
[2.372s]       |                                                                      [01;31m[K^~~~~[m[K
[2.372s]       |                                                                      [32m[KInt32[m[K
[2.372s] [01m[K/home/kmj/Desktop/hw2/src/my_first_ros_rclcpp_pkg/src/subscriber.cpp:38:76:[m[K [01;31m[Kerror: [m[Kno matching function for call to â€˜[01m[KMySubscriberNode::create_subscription<<expression error> >(const char [11], int, std::_Bind_helper<false, void (MySubscriberNode::*)(std::shared_ptr<std_msgs::msg::String_<std::allocator<void> > >), MySubscriberNode*, const std::_Placeholder<1>&>::type)[m[Kâ€™
[2.372s]    38 |         int_subscription_ = [01;31m[Kthis->create_subscription<std_msgs::msg::int32>([m[K
[2.372s]       |                             [01;31m[K~~~~~~~~~~~~~~~~~~~~~~~~~~~~~~~~~~~~~~~~~~~~~~~^[m[K
[2.372s]    39 | [01;31m[K            "topicname2", 10,[m[K
[2.372s]       |             [01;31m[K~~~~~~~~~~~~~~~~~[m[K                                               
[2.373s]    40 | [01;31m[K            std::bind(&MySubscriberNode::topic_callback, this, std::placeholders::_1)[m[K
[2.373s]       |             [01;31m[K~~~~~~~~~~~~~~~~~~~~~~~~~~~~~~~~~~~~~~~~~~~~~~~~~~~~~~~~~~~~~~~~~~~~~~~~~[m[K
[2.373s]    41 | [01;31m[K        )[m[K;
[2.373s]       |         [01;31m[K~[m[K                                                                   
[2.373s] In file included from [01m[K/opt/ros/humble/include/rclcpp/rclcpp/node.hpp:1321[m[K,
[2.373s]                  from [01m[K/opt/ros/humble/include/rclcpp/rclcpp/executors/single_threaded_executor.hpp:28[m[K,
[2.373s]                  from [01m[K/opt/ros/humble/include/rclcpp/rclcpp/executors.hpp:22[m[K,
[2.373s]                  from [01m[K/opt/ros/humble/include/rclcpp/rclcpp/rclcpp.hpp:155[m[K,
[2.373s]                  from [01m[K/home/kmj/Desktop/hw2/src/my_first_ros_rclcpp_pkg/src/subscriber.cpp:22[m[K:
[2.373s] [01m[K/opt/ros/humble/include/rclcpp/rclcpp/node_impl.hpp:92:1:[m[K [01;36m[Knote: [m[Kcandidate: â€˜[01m[Ktemplate<class MessageT, class CallbackT, class AllocatorT, class SubscriptionT, class MessageMemoryStrategyT> std::shared_ptr<ROSMessageT> rclcpp::Node::create_subscription(const string&, const rclcpp::QoS&, CallbackT&&, const rclcpp::SubscriptionOptionsWithAllocator<AllocatorT>&, typename MessageMemoryStrategyT::SharedPtr)[m[Kâ€™
[2.373s]    92 | [01;36m[KNode[m[K::create_subscription(
[2.373s]       | [01;36m[K^~~~[m[K
[2.373s] [01m[K/opt/ros/humble/include/rclcpp/rclcpp/node_impl.hpp:92:1:[m[K [01;36m[Knote: [m[K  template argument deduction/substitution failed:
[2.373s] [01m[K/home/kmj/Desktop/hw2/src/my_first_ros_rclcpp_pkg/src/subscriber.cpp:38:76:[m[K [01;31m[Kerror: [m[Ktemplate argument 1 is invalid
[2.373s]    38 |         int_subscription_ = [01;31m[Kthis->create_subscription<std_msgs::msg::int32>([m[K
[2.373s]       |                             [01;31m[K~~~~~~~~~~~~~~~~~~~~~~~~~~~~~~~~~~~~~~~~~~~~~~~^[m[K
[2.373s]    39 | [01;31m[K            "topicname2", 10,[m[K
[2.373s]       |             [01;31m[K~~~~~~~~~~~~~~~~~[m[K                                               
[2.373s]    40 | [01;31m[K            std::bind(&MySubscriberNode::topic_callback, this, std::placeholders::_1)[m[K
[2.373s]       |             [01;31m[K~~~~~~~~~~~~~~~~~~~~~~~~~~~~~~~~~~~~~~~~~~~~~~~~~~~~~~~~~~~~~~~~~~~~~~~~~[m[K
[2.373s]    41 | [01;31m[K        )[m[K;
[2.373s]       |         [01;31m[K~[m[K                                                                   
[2.373s] [01m[K/home/kmj/Desktop/hw2/src/my_first_ros_rclcpp_pkg/src/subscriber.cpp:43:72:[m[K [01;31m[Kerror: [m[Kâ€˜[01m[Kfloat32[m[Kâ€™ is not a member of â€˜[01m[Kstd_msgs::msg[m[Kâ€™; did you mean â€˜[01m[KFloat32[m[Kâ€™?
[2.373s]    43 |         float_subscription_ = this->create_subscription<std_msgs::msg::[01;31m[Kfloat32[m[K>(
[2.374s]       |                                                                        [01;31m[K^~~~~~~[m[K
[2.374s]       |                                                                        [32m[KFloat32[m[K
[2.374s] [01m[K/home/kmj/Desktop/hw2/src/my_first_ros_rclcpp_pkg/src/subscriber.cpp:43:80:[m[K [01;31m[Kerror: [m[Kno matching function for call to â€˜[01m[KMySubscriberNode::create_subscription<<expression error> >(const char [11], int, std::_Bind_helper<false, void (MySubscriberNode::*)(std::shared_ptr<std_msgs::msg::String_<std::allocator<void> > >), MySubscriberNode*, const std::_Placeholder<1>&>::type)[m[Kâ€™
[2.374s]    43 |         float_subscription_ = [01;31m[Kthis->create_subscription<std_msgs::msg::float32>([m[K
[2.374s]       |                               [01;31m[K~~~~~~~~~~~~~~~~~~~~~~~~~~~~~~~~~~~~~~~~~~~~~~~~~^[m[K
[2.374s]    44 | [01;31m[K            "topicname3", 10,[m[K
[2.374s]       |             [01;31m[K~~~~~~~~~~~~~~~~~[m[K                                                   
[2.374s]    45 | [01;31m[K            std::bind(&MySubscriberNode::topic_callback, this, std::placeholders::_1)[m[K
[2.374s]       |             [01;31m[K~~~~~~~~~~~~~~~~~~~~~~~~~~~~~~~~~~~~~~~~~~~~~~~~~~~~~~~~~~~~~~~~~~~~~~~~~[m[K
[2.374s]    46 | [01;31m[K        )[m[K;
[2.374s]       |         [01;31m[K~[m[K                                                                       
[2.374s] In file included from [01m[K/opt/ros/humble/include/rclcpp/rclcpp/node.hpp:1321[m[K,
[2.374s]                  from [01m[K/opt/ros/humble/include/rclcpp/rclcpp/executors/single_threaded_executor.hpp:28[m[K,
[2.374s]                  from [01m[K/opt/ros/humble/include/rclcpp/rclcpp/executors.hpp:22[m[K,
[2.374s]                  from [01m[K/opt/ros/humble/include/rclcpp/rclcpp/rclcpp.hpp:155[m[K,
[2.374s]                  from [01m[K/home/kmj/Desktop/hw2/src/my_first_ros_rclcpp_pkg/src/subscriber.cpp:22[m[K:
[2.374s] [01m[K/opt/ros/humble/include/rclcpp/rclcpp/node_impl.hpp:92:1:[m[K [01;36m[Knote: [m[Kcandidate: â€˜[01m[Ktemplate<class MessageT, class CallbackT, class AllocatorT, class SubscriptionT, class MessageMemoryStrategyT> std::shared_ptr<ROSMessageT> rclcpp::Node::create_subscription(const string&, const rclcpp::QoS&, CallbackT&&, const rclcpp::SubscriptionOptionsWithAllocator<AllocatorT>&, typename MessageMemoryStrategyT::SharedPtr)[m[Kâ€™
[2.374s]    92 | [01;36m[KNode[m[K::create_subscription(
[2.374s]       | [01;36m[K^~~~[m[K
[2.374s] [01m[K/opt/ros/humble/include/rclcpp/rclcpp/node_impl.hpp:92:1:[m[K [01;36m[Knote: [m[K  template argument deduction/substitution failed:
[2.374s] [01m[K/home/kmj/Desktop/hw2/src/my_first_ros_rclcpp_pkg/src/subscriber.cpp:43:80:[m[K [01;31m[Kerror: [m[Ktemplate argument 1 is invalid
[2.374s]    43 |         float_subscription_ = [01;31m[Kthis->create_subscription<std_msgs::msg::float32>([m[K
[2.374s]       |                               [01;31m[K~~~~~~~~~~~~~~~~~~~~~~~~~~~~~~~~~~~~~~~~~~~~~~~~~^[m[K
[2.374s]    44 | [01;31m[K            "topicname3", 10,[m[K
[2.374s]       |             [01;31m[K~~~~~~~~~~~~~~~~~[m[K                                                   
[2.374s]    45 | [01;31m[K            std::bind(&MySubscriberNode::topic_callback, this, std::placeholders::_1)[m[K
[2.374s]       |             [01;31m[K~~~~~~~~~~~~~~~~~~~~~~~~~~~~~~~~~~~~~~~~~~~~~~~~~~~~~~~~~~~~~~~~~~~~~~~~~[m[K
[2.374s]    46 | [01;31m[K        )[m[K;
[2.374s]       |         [01;31m[K~[m[K                                                                       
[4.046s] gmake[2]: *** [CMakeFiles/subscriber.dir/build.make:76: CMakeFiles/subscriber.dir/src/subscriber.cpp.o] ì˜¤ë¥˜ 1
[4.046s] gmake[1]: *** [CMakeFiles/Makefile2:165: CMakeFiles/subscriber.dir/all] ì˜¤ë¥˜ 2
[4.047s] gmake: *** [Makefile:146: all] ì˜¤ë¥˜ 2
[4.051s] Invoked command in '/home/kmj/Desktop/hw2/build/my_first_ros_rclcpp_pkg' returned '2': CMAKE_PREFIX_PATH=${CMAKE_PREFIX_PATH}:/home/kmj/Desktop/hw2/install/my_first_ros_rclpy_pkg:/opt/ros/humble /usr/bin/cmake --build /home/kmj/Desktop/hw2/build/my_first_ros_rclcpp_pkg -- -j16 -l16
