[0.000000] (-) TimerEvent: {}
[0.000217] (my_first_ros_rclcpp_pkg) JobQueued: {'identifier': 'my_first_ros_rclcpp_pkg', 'dependencies': OrderedDict()}
[0.000273] (my_first_ros_rclcpp_pkg) JobStarted: {'identifier': 'my_first_ros_rclcpp_pkg'}
[0.008129] (my_first_ros_rclcpp_pkg) JobProgress: {'identifier': 'my_first_ros_rclcpp_pkg', 'progress': 'cmake'}
[0.008555] (my_first_ros_rclcpp_pkg) Command: {'cmd': ['/usr/bin/cmake', '/home/kmj/Desktop/hw2/src/my_first_ros_rclcpp_pkg', '-DCMAKE_INSTALL_PREFIX=/home/kmj/Desktop/hw2/install/my_first_ros_rclcpp_pkg'], 'cwd': '/home/kmj/Desktop/hw2/build/my_first_ros_rclcpp_pkg', 'env': OrderedDict([('GJS_DEBUG_TOPICS', 'JS ERROR;JS LOG'), ('LESSOPEN', '| /usr/bin/lesspipe %s'), ('LANGUAGE', 'ko:en'), ('USER', 'kmj'), ('LC_TIME', 'ko_KR.UTF-8'), ('XDG_SESSION_TYPE', 'wayland'), ('GIT_ASKPASS', '/usr/share/code/resources/app/extensions/git/dist/askpass.sh'), ('SHLVL', '1'), ('LD_LIBRARY_PATH', '/opt/ros/humble/opt/rviz_ogre_vendor/lib:/opt/ros/humble/lib/x86_64-linux-gnu:/opt/ros/humble/lib'), ('HOME', '/home/kmj'), ('CHROME_DESKTOP', 'code.desktop'), ('TERM_PROGRAM_VERSION', '1.103.2'), ('DESKTOP_SESSION', 'ubuntu'), ('NVM_BIN', '/home/kmj/.nvm/versions/node/v22.19.0/bin'), ('NVM_INC', '/home/kmj/.nvm/versions/node/v22.19.0/include/node'), ('GIO_LAUNCHED_DESKTOP_FILE', '/usr/share/applications/code.desktop'), ('ROS_PYTHON_VERSION', '3'), ('GNOME_SHELL_SESSION_MODE', 'ubuntu'), ('GTK_MODULES', 'gail:atk-bridge'), ('VSCODE_GIT_ASKPASS_MAIN', '/usr/share/code/resources/app/extensions/git/dist/askpass-main.js'), ('LC_MONETARY', 'ko_KR.UTF-8'), ('VSCODE_GIT_ASKPASS_NODE', '/usr/share/code/code'), ('MANAGERPID', '1229'), ('SYSTEMD_EXEC_PID', '1397'), ('IM_CONFIG_CHECK_ENV', '1'), ('DBUS_SESSION_BUS_ADDRESS', 'unix:path=/run/user/1000/bus'), ('COLORTERM', 'truecolor'), ('GIO_LAUNCHED_DESKTOP_FILE_PID', '8580'), ('NVM_DIR', '/home/kmj/.nvm'), ('IM_CONFIG_PHASE', '1'), ('WAYLAND_DISPLAY', 'wayland-0'), ('ROS_DISTRO', 'humble'), ('LOGNAME', 'kmj'), ('JOURNAL_STREAM', '8:8737'), ('_', '/usr/bin/colcon'), ('ROS_VERSION', '2'), ('XDG_SESSION_CLASS', 'user'), ('USERNAME', 'kmj'), ('TERM', 'xterm-256color'), ('GNOME_DESKTOP_SESSION_ID', 'this-is-deprecated'), ('ROS_LOCALHOST_ONLY', '0'), ('PATH', '/home/kmj/opt/cmake-4.1.1-linux-x86_64/bin:/home/kmj/Qt/6.9.2/gcc_64/bin:/opt/ros/humble/bin:/home/kmj/opt/cmake-4.1.1-linux-x86_64/bin:/home/kmj/Qt/6.9.2/gcc_64/bin:/home/kmj/.nvm/versions/node/v22.19.0/bin:/usr/local/sbin:/usr/local/bin:/usr/sbin:/usr/bin:/sbin:/bin:/usr/games:/usr/local/games:/snap/bin:/snap/bin'), ('SESSION_MANAGER', 'local/kmj:@/tmp/.ICE-unix/1367,unix/kmj:/tmp/.ICE-unix/1367'), ('INVOCATION_ID', '97b28f2d3dd64bd5a1cc5ceea3c3b18a'), ('PAPERSIZE', 'a4'), ('XDG_MENU_PREFIX', 'gnome-'), ('LC_ADDRESS', 'ko_KR.UTF-8'), ('GNOME_SETUP_DISPLAY', ':1'), ('XDG_RUNTIME_DIR', '/run/user/1000'), ('GDK_BACKEND', 'x11'), ('DISPLAY', ':0'), ('LANG', 'ko_KR.UTF-8'), ('XDG_CURRENT_DESKTOP', 'Unity'), ('LC_TELEPHONE', 'ko_KR.UTF-8'), ('XMODIFIERS', '@im=ibus'), ('XDG_SESSION_DESKTOP', 'ubuntu'), ('XAUTHORITY', '/run/user/1000/.mutter-Xwaylandauth.DS40C3'), ('LS_COLORS', 'rs=0:di=01;34:ln=01;36:mh=00:pi=40;33:so=01;35:do=01;35:bd=40;33;01:cd=40;33;01:or=40;31;01:mi=00:su=37;41:sg=30;43:ca=30;41:tw=30;42:ow=34;42:st=37;44:ex=01;32:*.tar=01;31:*.tgz=01;31:*.arc=01;31:*.arj=01;31:*.taz=01;31:*.lha=01;31:*.lz4=01;31:*.lzh=01;31:*.lzma=01;31:*.tlz=01;31:*.txz=01;31:*.tzo=01;31:*.t7z=01;31:*.zip=01;31:*.z=01;31:*.dz=01;31:*.gz=01;31:*.lrz=01;31:*.lz=01;31:*.lzo=01;31:*.xz=01;31:*.zst=01;31:*.tzst=01;31:*.bz2=01;31:*.bz=01;31:*.tbz=01;31:*.tbz2=01;31:*.tz=01;31:*.deb=01;31:*.rpm=01;31:*.jar=01;31:*.war=01;31:*.ear=01;31:*.sar=01;31:*.rar=01;31:*.alz=01;31:*.ace=01;31:*.zoo=01;31:*.cpio=01;31:*.7z=01;31:*.rz=01;31:*.cab=01;31:*.wim=01;31:*.swm=01;31:*.dwm=01;31:*.esd=01;31:*.jpg=01;35:*.jpeg=01;35:*.mjpg=01;35:*.mjpeg=01;35:*.gif=01;35:*.bmp=01;35:*.pbm=01;35:*.pgm=01;35:*.ppm=01;35:*.tga=01;35:*.xbm=01;35:*.xpm=01;35:*.tif=01;35:*.tiff=01;35:*.png=01;35:*.svg=01;35:*.svgz=01;35:*.mng=01;35:*.pcx=01;35:*.mov=01;35:*.mpg=01;35:*.mpeg=01;35:*.m2v=01;35:*.mkv=01;35:*.webm=01;35:*.webp=01;35:*.ogm=01;35:*.mp4=01;35:*.m4v=01;35:*.mp4v=01;35:*.vob=01;35:*.qt=01;35:*.nuv=01;35:*.wmv=01;35:*.asf=01;35:*.rm=01;35:*.rmvb=01;35:*.flc=01;35:*.avi=01;35:*.fli=01;35:*.flv=01;35:*.gl=01;35:*.dl=01;35:*.xcf=01;35:*.xwd=01;35:*.yuv=01;35:*.cgm=01;35:*.emf=01;35:*.ogv=01;35:*.ogx=01;35:*.aac=00;36:*.au=00;36:*.flac=00;36:*.m4a=00;36:*.mid=00;36:*.midi=00;36:*.mka=00;36:*.mp3=00;36:*.mpc=00;36:*.ogg=00;36:*.ra=00;36:*.wav=00;36:*.oga=00;36:*.opus=00;36:*.spx=00;36:*.xspf=00;36:'), ('VSCODE_GIT_IPC_HANDLE', '/run/user/1000/vscode-git-2ec9ae2bea.sock'), ('TERM_PROGRAM', 'vscode'), ('SSH_AGENT_LAUNCHER', 'gnome-keyring'), ('SSH_AUTH_SOCK', '/run/user/1000/keyring/ssh'), ('ROS_DOMAIN_ID', '6'), ('AMENT_PREFIX_PATH', '/opt/ros/humble'), ('ORIGINAL_XDG_CURRENT_DESKTOP', 'ubuntu:GNOME'), ('SHELL', '/bin/bash'), ('LC_NAME', 'ko_KR.UTF-8'), ('QT_ACCESSIBILITY', '1'), ('GDMSESSION', 'ubuntu'), ('LESSCLOSE', '/usr/bin/lesspipe %s %s'), ('LC_MEASUREMENT', 'ko_KR.UTF-8'), ('GJS_DEBUG_OUTPUT', 'stderr'), ('LC_IDENTIFICATION', 'ko_KR.UTF-8'), ('VSCODE_GIT_ASKPASS_EXTRA_ARGS', ''), ('QT_IM_MODULE', 'ibus'), ('PWD', '/home/kmj/Desktop/hw2/build/my_first_ros_rclcpp_pkg'), ('LC_ALL', 'en_US.UTF-8'), ('XDG_CONFIG_DIRS', '/etc/xdg/xdg-ubuntu:/etc/xdg'), ('NVM_CD_FLAGS', ''), ('XDG_DATA_DIRS', '/usr/share/ubuntu:/usr/local/share/:/usr/share/:/var/lib/snapd/desktop'), ('PYTHONPATH', '/opt/ros/humble/lib/python3.10/site-packages:/opt/ros/humble/local/lib/python3.10/dist-packages'), ('LC_NUMERIC', 'ko_KR.UTF-8'), ('LC_PAPER', 'ko_KR.UTF-8'), ('COLCON', '1'), ('CMAKE_PREFIX_PATH', '/home/kmj/Qt/6.9.2/gcc_64:/home/kmj/Qt/6.9.2/gcc_64:')]), 'shell': False}
[0.099431] (-) TimerEvent: {}
[0.099756] (my_first_ros_rclcpp_pkg) StdoutLine: {'line': b'-- The C compiler identification is GNU 11.4.0\n'}
[0.174481] (my_first_ros_rclcpp_pkg) StdoutLine: {'line': b'-- The CXX compiler identification is GNU 11.4.0\n'}
[0.186153] (my_first_ros_rclcpp_pkg) StdoutLine: {'line': b'-- Detecting C compiler ABI info\n'}
[0.199803] (-) TimerEvent: {}
[0.275950] (my_first_ros_rclcpp_pkg) StdoutLine: {'line': b'-- Detecting C compiler ABI info - done\n'}
[0.280890] (my_first_ros_rclcpp_pkg) StdoutLine: {'line': b'-- Check for working C compiler: /usr/bin/cc - skipped\n'}
[0.281167] (my_first_ros_rclcpp_pkg) StdoutLine: {'line': b'-- Detecting C compile features\n'}
[0.281991] (my_first_ros_rclcpp_pkg) StdoutLine: {'line': b'-- Detecting C compile features - done\n'}
[0.285971] (my_first_ros_rclcpp_pkg) StdoutLine: {'line': b'-- Detecting CXX compiler ABI info\n'}
[0.299853] (-) TimerEvent: {}
[0.382790] (my_first_ros_rclcpp_pkg) StdoutLine: {'line': b'-- Detecting CXX compiler ABI info - done\n'}
[0.388214] (my_first_ros_rclcpp_pkg) StdoutLine: {'line': b'-- Check for working CXX compiler: /usr/bin/c++ - skipped\n'}
[0.388435] (my_first_ros_rclcpp_pkg) StdoutLine: {'line': b'-- Detecting CXX compile features\n'}
[0.388648] (my_first_ros_rclcpp_pkg) StdoutLine: {'line': b'-- Detecting CXX compile features - done\n'}
[0.394133] (my_first_ros_rclcpp_pkg) StdoutLine: {'line': b'-- Found ament_cmake: 1.3.12 (/opt/ros/humble/share/ament_cmake/cmake)\n'}
[0.399980] (-) TimerEvent: {}
[0.500340] (-) TimerEvent: {}
[0.553486] (my_first_ros_rclcpp_pkg) StdoutLine: {'line': b'-- Found Python3: /usr/bin/python3 (found version "3.10.12") found components: Interpreter \n'}
[0.600464] (-) TimerEvent: {}
[0.655475] (my_first_ros_rclcpp_pkg) StdoutLine: {'line': b'-- Found rclcpp: 16.0.14 (/opt/ros/humble/share/rclcpp/cmake)\n'}
[0.699729] (my_first_ros_rclcpp_pkg) StdoutLine: {'line': b'-- Found rosidl_generator_c: 3.1.7 (/opt/ros/humble/share/rosidl_generator_c/cmake)\n'}
[0.700569] (-) TimerEvent: {}
[0.705001] (my_first_ros_rclcpp_pkg) StdoutLine: {'line': b'-- Found rosidl_adapter: 3.1.7 (/opt/ros/humble/share/rosidl_adapter/cmake)\n'}
[0.714672] (my_first_ros_rclcpp_pkg) StdoutLine: {'line': b'-- Found rosidl_generator_cpp: 3.1.7 (/opt/ros/humble/share/rosidl_generator_cpp/cmake)\n'}
[0.728163] (my_first_ros_rclcpp_pkg) StdoutLine: {'line': b'-- Using all available rosidl_typesupport_c: rosidl_typesupport_fastrtps_c;rosidl_typesupport_introspection_c\n'}
[0.746331] (my_first_ros_rclcpp_pkg) StdoutLine: {'line': b'-- Using all available rosidl_typesupport_cpp: rosidl_typesupport_fastrtps_cpp;rosidl_typesupport_introspection_cpp\n'}
[0.793194] (my_first_ros_rclcpp_pkg) StdoutLine: {'line': b'-- Found rmw_implementation_cmake: 6.1.2 (/opt/ros/humble/share/rmw_implementation_cmake/cmake)\n'}
[0.795815] (my_first_ros_rclcpp_pkg) StdoutLine: {'line': b'-- Found rmw_fastrtps_cpp: 6.2.8 (/opt/ros/humble/share/rmw_fastrtps_cpp/cmake)\n'}
[0.800653] (-) TimerEvent: {}
[0.894287] (my_first_ros_rclcpp_pkg) StdoutLine: {'line': b'-- Found OpenSSL: /usr/lib/x86_64-linux-gnu/libcrypto.so (found version "3.0.2")  \n'}
[0.900796] (-) TimerEvent: {}
[0.926633] (my_first_ros_rclcpp_pkg) StdoutLine: {'line': b'-- Found FastRTPS: /opt/ros/humble/include  \n'}
[0.972692] (my_first_ros_rclcpp_pkg) StdoutLine: {'line': b"-- Using RMW implementation 'rmw_fastrtps_cpp' as default\n"}
[0.983460] (my_first_ros_rclcpp_pkg) StdoutLine: {'line': b'-- Looking for pthread.h\n'}
[1.001103] (-) TimerEvent: {}
[1.076139] (my_first_ros_rclcpp_pkg) StdoutLine: {'line': b'-- Looking for pthread.h - found\n'}
[1.076855] (my_first_ros_rclcpp_pkg) StdoutLine: {'line': b'-- Performing Test CMAKE_HAVE_LIBC_PTHREAD\n'}
[1.101388] (-) TimerEvent: {}
[1.170948] (my_first_ros_rclcpp_pkg) StdoutLine: {'line': b'-- Performing Test CMAKE_HAVE_LIBC_PTHREAD - Success\n'}
[1.171830] (my_first_ros_rclcpp_pkg) StdoutLine: {'line': b'-- Found Threads: TRUE  \n'}
[1.201452] (-) TimerEvent: {}
[1.228253] (my_first_ros_rclcpp_pkg) StdoutLine: {'line': b'-- Found ament_lint_auto: 0.12.14 (/opt/ros/humble/share/ament_lint_auto/cmake)\n'}
[1.276174] (my_first_ros_rclcpp_pkg) StderrLine: {'line': b"Error parsing '/home/kmj/Desktop/hw2/src/my_first_ros_rclcpp_pkg/package.xml':\n"}
[1.301641] (-) TimerEvent: {}
[1.325369] (my_first_ros_rclcpp_pkg) StderrLine: {'line': b'Traceback (most recent call last):\n'}
[1.326050] (my_first_ros_rclcpp_pkg) StderrLine: {'line': b'  File "/usr/lib/python3/dist-packages/catkin_pkg/package.py", line 610, in parse_package_string\n'}
[1.326186] (my_first_ros_rclcpp_pkg) StderrLine: {'line': b'    root = dom.parseString(data)\n'}
[1.326241] (my_first_ros_rclcpp_pkg) StderrLine: {'line': b'  File "/usr/lib/python3.10/xml/dom/minidom.py", line 2000, in parseString\n'}
[1.326325] (my_first_ros_rclcpp_pkg) StderrLine: {'line': b'    return expatbuilder.parseString(string)\n'}
[1.326495] (my_first_ros_rclcpp_pkg) StderrLine: {'line': b'  File "/usr/lib/python3.10/xml/dom/expatbuilder.py", line 925, in parseString\n'}
[1.326573] (my_first_ros_rclcpp_pkg) StderrLine: {'line': b'    return builder.parseString(string)\n'}
[1.326632] (my_first_ros_rclcpp_pkg) StderrLine: {'line': b'  File "/usr/lib/python3.10/xml/dom/expatbuilder.py", line 223, in parseString\n'}
[1.326686] (my_first_ros_rclcpp_pkg) StderrLine: {'line': b'    parser.Parse(string, True)\n'}
[1.326739] (my_first_ros_rclcpp_pkg) StderrLine: {'line': b'xml.parsers.expat.ExpatError: junk after document element: line 23, column 0\n'}
[1.326788] (my_first_ros_rclcpp_pkg) StderrLine: {'line': b'\n'}
[1.326833] (my_first_ros_rclcpp_pkg) StderrLine: {'line': b'During handling of the above exception, another exception occurred:\n'}
[1.326883] (my_first_ros_rclcpp_pkg) StderrLine: {'line': b'\n'}
[1.326943] (my_first_ros_rclcpp_pkg) StderrLine: {'line': b'Traceback (most recent call last):\n'}
[1.326985] (my_first_ros_rclcpp_pkg) StderrLine: {'line': b'  File "/opt/ros/humble/share/ament_cmake_core/cmake/core/package_xml_2_cmake.py", line 150, in <module>\n'}
[1.327032] (my_first_ros_rclcpp_pkg) StderrLine: {'line': b'    main()\n'}
[1.327075] (my_first_ros_rclcpp_pkg) StderrLine: {'line': b'  File "/opt/ros/humble/share/ament_cmake_core/cmake/core/package_xml_2_cmake.py", line 53, in main\n'}
[1.327121] (my_first_ros_rclcpp_pkg) StderrLine: {'line': b'    raise e\n'}
[1.327163] (my_first_ros_rclcpp_pkg) StderrLine: {'line': b'  File "/opt/ros/humble/share/ament_cmake_core/cmake/core/package_xml_2_cmake.py", line 49, in main\n'}
[1.327233] (my_first_ros_rclcpp_pkg) StderrLine: {'line': b'    package = parse_package_string(\n'}
[1.327294] (my_first_ros_rclcpp_pkg) StderrLine: {'line': b'  File "/usr/lib/python3/dist-packages/catkin_pkg/package.py", line 612, in parse_package_string\n'}
[1.327340] (my_first_ros_rclcpp_pkg) StderrLine: {'line': b"    raise InvalidPackage('The manifest contains invalid XML:\\n%s' % ex, filename)\n"}
[1.327385] (my_first_ros_rclcpp_pkg) StderrLine: {'line': b"catkin_pkg.package.InvalidPackage: Error(s) in package '/home/kmj/Desktop/hw2/src/my_first_ros_rclcpp_pkg/package.xml':\n"}
[1.327432] (my_first_ros_rclcpp_pkg) StderrLine: {'line': b'The manifest contains invalid XML:\n'}
[1.327479] (my_first_ros_rclcpp_pkg) StderrLine: {'line': b'junk after document element: line 23, column 0\n'}
[1.359528] (my_first_ros_rclcpp_pkg) StderrLine: {'line': b'\x1b[31mCMake Error at /opt/ros/humble/share/ament_cmake_core/cmake/core/ament_package_xml.cmake:95 (message):\n'}
[1.359903] (my_first_ros_rclcpp_pkg) StderrLine: {'line': b'  execute_process(/usr/bin/python3\n'}
[1.359974] (my_first_ros_rclcpp_pkg) StderrLine: {'line': b'  /opt/ros/humble/share/ament_cmake_core/cmake/core/package_xml_2_cmake.py\n'}
[1.360028] (my_first_ros_rclcpp_pkg) StderrLine: {'line': b'  /home/kmj/Desktop/hw2/src/my_first_ros_rclcpp_pkg/package.xml\n'}
[1.360080] (my_first_ros_rclcpp_pkg) StderrLine: {'line': b'  /home/kmj/Desktop/hw2/build/my_first_ros_rclcpp_pkg/ament_cmake_core/package.cmake)\n'}
[1.360129] (my_first_ros_rclcpp_pkg) StderrLine: {'line': b'  returned error code 1\n'}
[1.360170] (my_first_ros_rclcpp_pkg) StderrLine: {'line': b'Call Stack (most recent call first):\n'}
[1.360207] (my_first_ros_rclcpp_pkg) StderrLine: {'line': b'  /opt/ros/humble/share/ament_cmake_core/cmake/core/ament_package_xml.cmake:49 (_ament_package_xml)\n'}
[1.360243] (my_first_ros_rclcpp_pkg) StderrLine: {'line': b'  /opt/ros/humble/share/ament_lint_auto/cmake/ament_lint_auto_find_test_dependencies.cmake:31 (ament_package_xml)\n'}
[1.360299] (my_first_ros_rclcpp_pkg) StderrLine: {'line': b'  CMakeLists.txt:22 (ament_lint_auto_find_test_dependencies)\n'}
[1.360339] (my_first_ros_rclcpp_pkg) StderrLine: {'line': b'\n'}
[1.360372] (my_first_ros_rclcpp_pkg) StderrLine: {'line': b'\x1b[0m\n'}
[1.360405] (my_first_ros_rclcpp_pkg) StdoutLine: {'line': b'-- Configuring incomplete, errors occurred!\n'}
[1.360482] (my_first_ros_rclcpp_pkg) StdoutLine: {'line': b'See also "/home/kmj/Desktop/hw2/build/my_first_ros_rclcpp_pkg/CMakeFiles/CMakeOutput.log".\n'}
[1.382537] (my_first_ros_rclcpp_pkg) CommandEnded: {'returncode': 1}
[1.383892] (my_first_ros_rclcpp_pkg) JobEnded: {'identifier': 'my_first_ros_rclcpp_pkg', 'rc': 1}
[1.394806] (-) EventReactorShutdown: {}
